# JRE version: OpenJDK Runtime Environment (8.0_66-b01) (build 1.8.0_66-internal-b01)
# Java VM: OpenJDK 64-Bit Server VM (25.66-b01 mixed mode linux-amd64 compressed oops)
Heap:
 PSYoungGen      total 114176K, used 224K [0x00000000f5900000, 0x00000000fcb00000, 0x0000000100000000)
  eden space 111616K, 0% used [0x00000000f5900000,0x00000000f5900000,0x00000000fc600000)
  from space 2560K, 8% used [0x00000000fc600000,0x00000000fc638000,0x00000000fc880000)
  to   space 2560K, 0% used [0x00000000fc880000,0x00000000fc880000,0x00000000fcb00000)
 ParOldGen       total 22016K, used 2465K [0x00000000e0a00000, 0x00000000e1f80000, 0x00000000f5900000)
  object space 22016K, 11% used [0x00000000e0a00000,0x00000000e0c685f8,0x00000000e1f80000)
 Metaspace       used 8497K, capacity 8804K, committed 9088K, reserved 1056768K
  class space    used 947K, capacity 1032K, committed 1152K, reserved 1048576K
GC Heap History (10 events):
Event: 3.375 GC heap after
Heap after GC invocations=6 (full 0):
 PSYoungGen      total 37376K, used 1152K [0x00000000f5900000, 0x00000000f8000000, 0x0000000100000000)
  eden space 34816K, 0% used [0x00000000f5900000,0x00000000f5900000,0x00000000f7b00000)
  from space 2560K, 45% used [0x00000000f7d80000,0x00000000f7ea0000,0x00000000f8000000)
  to   space 2560K, 0% used [0x00000000f7b00000,0x00000000f7b00000,0x00000000f7d80000)
 ParOldGen       total 22016K, used 1415K [0x00000000e0a00000, 0x00000000e1f80000, 0x00000000f5900000)
  object space 22016K, 6% used [0x00000000e0a00000,0x00000000e0b61c08,0x00000000e1f80000)
 Metaspace       used 8494K, capacity 8804K, committed 9088K, reserved 1056768K
  class space    used 947K, capacity 1032K, committed 1152K, reserved 1048576K
}
Event: 3.619 GC heap before
{Heap before GC invocations=7 (full 0):
 PSYoungGen      total 37376K, used 35968K [0x00000000f5900000, 0x00000000f8000000, 0x0000000100000000)
  eden space 34816K, 100% used [0x00000000f5900000,0x00000000f7b00000,0x00000000f7b00000)
  from space 2560K, 45% used [0x00000000f7d80000,0x00000000f7ea0000,0x00000000f8000000)
  to   space 2560K, 0% used [0x00000000f7b00000,0x00000000f7b00000,0x00000000f7d80000)
 ParOldGen       total 22016K, used 1415K [0x00000000e0a00000, 0x00000000e1f80000, 0x00000000f5900000)
  object space 22016K, 6% used [0x00000000e0a00000,0x00000000e0b61c08,0x00000000e1f80000)
 Metaspace       used 8494K, capacity 8804K, committed 9088K, reserved 1056768K
  class space    used 947K, capacity 1032K, committed 1152K, reserved 1048576K
Event: 3.635 GC heap after
Heap after GC invocations=7 (full 0):
 PSYoungGen      total 37376K, used 320K [0x00000000f5900000, 0x00000000fa200000, 0x0000000100000000)
  eden space 34816K, 0% used [0x00000000f5900000,0x00000000f5900000,0x00000000f7b00000)
  from space 2560K, 12% used [0x00000000f7b00000,0x00000000f7b50000,0x00000000f7d80000)
  to   space 2560K, 0% used [0x00000000f9f80000,0x00000000f9f80000,0x00000000fa200000)
 ParOldGen       total 22016K, used 2303K [0x00000000e0a00000, 0x00000000e1f80000, 0x00000000f5900000)
  object space 22016K, 10% used [0x00000000e0a00000,0x00000000e0c3fcd8,0x00000000e1f80000)
 Metaspace       used 8494K, capacity 8804K, committed 9088K, reserved 1056768K
  class space    used 947K, capacity 1032K, committed 1152K, reserved 1048576K
}
Event: 3.768 GC heap before
{Heap before GC invocations=8 (full 0):
 PSYoungGen      total 37376K, used 35136K [0x00000000f5900000, 0x00000000fa200000, 0x0000000100000000)
  eden space 34816K, 100% used [0x00000000f5900000,0x00000000f7b00000,0x00000000f7b00000)
  from space 2560K, 12% used [0x00000000f7b00000,0x00000000f7b50000,0x00000000f7d80000)
  to   space 2560K, 0% used [0x00000000f9f80000,0x00000000f9f80000,0x00000000fa200000)
 ParOldGen       total 22016K, used 2303K [0x00000000e0a00000, 0x00000000e1f80000, 0x00000000f5900000)
  object space 22016K, 10% used [0x00000000e0a00000,0x00000000e0c3fcd8,0x00000000e1f80000)
 Metaspace       used 8494K, capacity 8804K, committed 9088K, reserved 1056768K
  class space    used 947K, capacity 1032K, committed 1152K, reserved 1048576K
Event: 3.773 GC heap after
Heap after GC invocations=8 (full 0):
 PSYoungGen      total 72192K, used 288K [0x00000000f5900000, 0x00000000fa200000, 0x0000000100000000)
  eden space 69632K, 0% used [0x00000000f5900000,0x00000000f5900000,0x00000000f9d00000)
  from space 2560K, 11% used [0x00000000f9f80000,0x00000000f9fc8000,0x00000000fa200000)
  to   space 2560K, 0% used [0x00000000f9d00000,0x00000000f9d00000,0x00000000f9f80000)
 ParOldGen       total 22016K, used 2319K [0x00000000e0a00000, 0x00000000e1f80000, 0x00000000f5900000)
  object space 22016K, 10% used [0x00000000e0a00000,0x00000000e0c43cd8,0x00000000e1f80000)
 Metaspace       used 8494K, capacity 8804K, committed 9088K, reserved 1056768K
  class space    used 947K, capacity 1032K, committed 1152K, reserved 1048576K
}
Event: 4.137 GC heap before
{Heap before GC invocations=9 (full 0):
 PSYoungGen      total 72192K, used 69920K [0x00000000f5900000, 0x00000000fa200000, 0x0000000100000000)
  eden space 69632K, 100% used [0x00000000f5900000,0x00000000f9d00000,0x00000000f9d00000)
  from space 2560K, 11% used [0x00000000f9f80000,0x00000000f9fc8000,0x00000000fa200000)
  to   space 2560K, 0% used [0x00000000f9d00000,0x00000000f9d00000,0x00000000f9f80000)
 ParOldGen       total 22016K, used 2319K [0x00000000e0a00000, 0x00000000e1f80000, 0x00000000f5900000)
  object space 22016K, 10% used [0x00000000e0a00000,0x00000000e0c43cd8,0x00000000e1f80000)
 Metaspace       used 8494K, capacity 8804K, committed 9088K, reserved 1056768K
  class space    used 947K, capacity 1032K, committed 1152K, reserved 1048576K
Event: 4.144 GC heap after
Heap after GC invocations=9 (full 0):
 PSYoungGen      total 72192K, used 224K [0x00000000f5900000, 0x00000000fcb00000, 0x0000000100000000)
  eden space 69632K, 0% used [0x00000000f5900000,0x00000000f5900000,0x00000000f9d00000)
  from space 2560K, 8% used [0x00000000f9d00000,0x00000000f9d38000,0x00000000f9f80000)
  to   space 2560K, 0% used [0x00000000fc880000,0x00000000fc880000,0x00000000fcb00000)
 ParOldGen       total 22016K, used 2449K [0x00000000e0a00000, 0x00000000e1f80000, 0x00000000f5900000)
  object space 22016K, 11% used [0x00000000e0a00000,0x00000000e0c645f8,0x00000000e1f80000)
 Metaspace       used 8494K, capacity 8804K, committed 9088K, reserved 1056768K
  class space    used 947K, capacity 1032K, committed 1152K, reserved 1048576K
}
Event: 4.387 GC heap before
{Heap before GC invocations=10 (full 0):
 PSYoungGen      total 72192K, used 69856K [0x00000000f5900000, 0x00000000fcb00000, 0x0000000100000000)
  eden space 69632K, 100% used [0x00000000f5900000,0x00000000f9d00000,0x00000000f9d00000)
  from space 2560K, 8% used [0x00000000f9d00000,0x00000000f9d38000,0x00000000f9f80000)
  to   space 2560K, 0% used [0x00000000fc880000,0x00000000fc880000,0x00000000fcb00000)
 ParOldGen       total 22016K, used 2449K [0x00000000e0a00000, 0x00000000e1f80000, 0x00000000f5900000)
  object space 22016K, 11% used [0x00000000e0a00000,0x00000000e0c645f8,0x00000000e1f80000)
 Metaspace       used 8494K, capacity 8804K, committed 9088K, reserved 1056768K
  class space    used 947K, capacity 1032K, committed 1152K, reserved 1048576K
Event: 4.390 GC heap after
Heap after GC invocations=10 (full 0):
 PSYoungGen      total 114176K, used 96K [0x00000000f5900000, 0x00000000fcb00000, 0x0000000100000000)
  eden space 111616K, 0% used [0x00000000f5900000,0x00000000f5900000,0x00000000fc600000)
  from space 2560K, 3% used [0x00000000fc880000,0x00000000fc898000,0x00000000fcb00000)
  to   space 2560K, 0% used [0x00000000fc600000,0x00000000fc600000,0x00000000fc880000)
 ParOldGen       total 22016K, used 2457K [0x00000000e0a00000, 0x00000000e1f80000, 0x00000000f5900000)
  object space 22016K, 11% used [0x00000000e0a00000,0x00000000e0c665f8,0x00000000e1f80000)
 Metaspace       used 8494K, capacity 8804K, committed 9088K, reserved 1056768K
  class space    used 947K, capacity 1032K, committed 1152K, reserved 1048576K
}
Event: 5.010 GC heap before
{Heap before GC invocations=11 (full 0):
 PSYoungGen      total 114176K, used 111712K [0x00000000f5900000, 0x00000000fcb00000, 0x0000000100000000)
  eden space 111616K, 100% used [0x00000000f5900000,0x00000000fc600000,0x00000000fc600000)
  from space 2560K, 3% used [0x00000000fc880000,0x00000000fc898000,0x00000000fcb00000)
  to   space 2560K, 0% used [0x00000000fc600000,0x00000000fc600000,0x00000000fc880000)
 ParOldGen       total 22016K, used 2457K [0x00000000e0a00000, 0x00000000e1f80000, 0x00000000f5900000)
  object space 22016K, 11% used [0x00000000e0a00000,0x00000000e0c665f8,0x00000000e1f80000)
 Metaspace       used 8497K, capacity 8804K, committed 9088K, reserved 1056768K
  class space    used 947K, capacity 1032K, committed 1152K, reserved 1048576K

